1_Client$Recognition_1_Image$On$Target
1_Client$Recognition_2_Multiple$Targets
1_Client$Recognition_3_Interactivity
1_Client$Recognition_4_Html$Drawable
1_Client$Recognition_5_Bonus-Sparkles
1_Client$Recognition_6_Bonus-Distance$To$Target
2_Cloud$Recognition_1_Basic$Recognition$On-Click
2_Cloud$Recognition_2_Continuous$Recognition$Vs$On-Click
2_Cloud$Recognition_3_Using$Metainformation$In$The$Response
3_3d$Models_1_3d$Model$On$Target
3_3d$Models_2_Appearing$Animation
3_3d$Models_3_Interactivity
3_3d$Models_4_Snap$To$Screen
3_3d$Models_5_Animated$Model$Parts
3_3d$Models_6_3d$Model$At$Geo$Location
7_Video_1_Simple$Video
7_Video_2_Playback$States
7_Video_3_Snapping$Video
7_Video_4_Bonus-Transparent$Video
99_Demo_1_2d$Tracking$And$Geo
99_Demo_3_Solar$System(2d$Tracking)
